2021-01-25 16:18:14.223+0000 WARN [o.n.k.i.JvmChecker] You are using an unsupported version of the Java runtime. Please use Oracle(R) Java(TM) Runtime Environment 8, OpenJDK(TM) 8 or IBM J9.
2021-01-25 16:18:14.288+0000 WARN [o.n.i.p.PageCache] The dbms.memory.pagecache.size setting has not been configured. It is recommended that this setting is always explicitly configured, to ensure the system has a balanced configuration. Until then, a computed heuristic value of 6442450944 bytes will be used instead. Run `neo4j-admin memrec` for memory configuration suggestions.
2021-01-25 16:18:14.675+0000 INFO [o.n.k.i.f.CommunityEditionModule] No locking implementation specified, defaulting to 'community'
2021-01-25 16:18:14.828+0000 INFO [o.n.k.AvailabilityGuard] Requirement makes database unavailable: Database available
2021-01-25 16:18:14.841+0000 INFO [o.n.k.i.DiagnosticsManager] --- INITIALIZED diagnostics START ---
2021-01-25 16:18:14.841+0000 INFO [o.n.k.i.DiagnosticsManager] Neo4j Kernel properties:
2021-01-25 16:18:14.842+0000 INFO [o.n.k.i.DiagnosticsManager] dbms.connector.http.enabled=true
2021-01-25 16:18:14.842+0000 INFO [o.n.k.i.DiagnosticsManager] dbms.security.auth_enabled=false
2021-01-25 16:18:14.842+0000 INFO [o.n.k.i.DiagnosticsManager] dbms.windows_service_name=neo4j
2021-01-25 16:18:14.842+0000 INFO [o.n.k.i.DiagnosticsManager] dbms.connector.http.listen_address=localhost:7474
2021-01-25 16:18:14.842+0000 INFO [o.n.k.i.DiagnosticsManager] dbms.connector.https.listen_address=localhost:7473
2021-01-25 16:18:14.842+0000 INFO [o.n.k.i.DiagnosticsManager] unsupported.dbms.directories.neo4j_home=/Users/diegophilips/code/diegophilips/asset_portal/db/neo4j/development
2021-01-25 16:18:14.842+0000 INFO [o.n.k.i.DiagnosticsManager] dbms.connector.bolt.listen_address=localhost:7472
2021-01-25 16:18:14.842+0000 INFO [o.n.k.i.DiagnosticsManager] dbms.directories.import=import
2021-01-25 16:18:14.842+0000 INFO [o.n.k.i.DiagnosticsManager] unsupported.dbms.edition=community
2021-01-25 16:18:14.842+0000 INFO [o.n.k.i.DiagnosticsManager] dbms.connector.bolt.enabled=true
2021-01-25 16:18:14.842+0000 INFO [o.n.k.i.DiagnosticsManager] dbms.connector.https.enabled=false
2021-01-25 16:18:14.843+0000 INFO [o.n.k.i.DiagnosticsManager] dbms.jvm.additional=-Dunsupported.dbms.udc.source=tarball
2021-01-25 16:18:14.843+0000 INFO [o.n.k.i.DiagnosticsManager] dbms.tx_log.rotation.retention_policy=1 days
2021-01-25 16:18:14.843+0000 INFO [o.n.k.i.DiagnosticsManager] Diagnostics providers:
2021-01-25 16:18:14.843+0000 INFO [o.n.k.i.DiagnosticsManager] org.neo4j.kernel.configuration.Config
2021-01-25 16:18:14.843+0000 INFO [o.n.k.i.DiagnosticsManager] org.neo4j.kernel.info.DiagnosticsManager
2021-01-25 16:18:14.843+0000 INFO [o.n.k.i.DiagnosticsManager] SYSTEM_MEMORY
2021-01-25 16:18:14.843+0000 INFO [o.n.k.i.DiagnosticsManager] JAVA_MEMORY
2021-01-25 16:18:14.843+0000 INFO [o.n.k.i.DiagnosticsManager] OPERATING_SYSTEM
2021-01-25 16:18:14.843+0000 INFO [o.n.k.i.DiagnosticsManager] JAVA_VIRTUAL_MACHINE
2021-01-25 16:18:14.843+0000 INFO [o.n.k.i.DiagnosticsManager] CLASSPATH
2021-01-25 16:18:14.843+0000 INFO [o.n.k.i.DiagnosticsManager] LIBRARY_PATH
2021-01-25 16:18:14.843+0000 INFO [o.n.k.i.DiagnosticsManager] SYSTEM_PROPERTIES
2021-01-25 16:18:14.843+0000 INFO [o.n.k.i.DiagnosticsManager] TIMEZONE_DATABASE
2021-01-25 16:18:14.843+0000 INFO [o.n.k.i.DiagnosticsManager] NETWORK
2021-01-25 16:18:14.843+0000 INFO [o.n.k.i.DiagnosticsManager] System memory information:
2021-01-25 16:18:14.846+0000 INFO [o.n.k.i.DiagnosticsManager] Total Physical memory: 16.00 GB
2021-01-25 16:18:14.846+0000 INFO [o.n.k.i.DiagnosticsManager] Free Physical memory: 37.75 MB
2021-01-25 16:18:14.847+0000 INFO [o.n.k.i.DiagnosticsManager] Committed virtual memory: 9.82 GB
2021-01-25 16:18:14.848+0000 INFO [o.n.k.i.DiagnosticsManager] Total swap space: 0.00 B
2021-01-25 16:18:14.848+0000 INFO [o.n.k.i.DiagnosticsManager] Free swap space: 0.00 B
2021-01-25 16:18:14.848+0000 INFO [o.n.k.i.DiagnosticsManager] JVM memory information:
2021-01-25 16:18:14.848+0000 INFO [o.n.k.i.DiagnosticsManager] Free  memory: 222.71 MB
2021-01-25 16:18:14.848+0000 INFO [o.n.k.i.DiagnosticsManager] Total memory: 260.00 MB
2021-01-25 16:18:14.849+0000 INFO [o.n.k.i.DiagnosticsManager] Max   memory: 4.00 GB
2021-01-25 16:18:14.861+0000 INFO [o.n.k.i.DiagnosticsManager] Garbage Collector: G1 Young Generation: [G1 Eden Space, G1 Survivor Space, G1 Old Gen]
2021-01-25 16:18:14.861+0000 INFO [o.n.k.i.DiagnosticsManager] Garbage Collector: G1 Old Generation: [G1 Eden Space, G1 Survivor Space, G1 Old Gen]
2021-01-25 16:18:14.863+0000 INFO [o.n.k.i.DiagnosticsManager] Memory Pool: CodeHeap 'non-nmethods' (Non-heap memory): committed=2.44 MB, used=1.18 MB, max=5.57 MB, threshold=0.00 B
2021-01-25 16:18:14.863+0000 INFO [o.n.k.i.DiagnosticsManager] Memory Pool: Metaspace (Non-heap memory): committed=11.38 MB, used=10.88 MB, max=-1.00 B, threshold=0.00 B
2021-01-25 16:18:14.863+0000 INFO [o.n.k.i.DiagnosticsManager] Memory Pool: CodeHeap 'profiled nmethods' (Non-heap memory): committed=3.50 MB, used=3.49 MB, max=117.21 MB, threshold=0.00 B
2021-01-25 16:18:14.864+0000 INFO [o.n.k.i.DiagnosticsManager] Memory Pool: Compressed Class Space (Non-heap memory): committed=1.63 MB, used=1.43 MB, max=1.00 GB, threshold=0.00 B
2021-01-25 16:18:14.864+0000 INFO [o.n.k.i.DiagnosticsManager] Memory Pool: G1 Eden Space (Heap memory): committed=34.00 MB, used=18.00 MB, max=-1.00 B, threshold=?
2021-01-25 16:18:14.864+0000 INFO [o.n.k.i.DiagnosticsManager] Memory Pool: G1 Old Gen (Heap memory): committed=222.00 MB, used=12.34 MB, max=4.00 GB, threshold=0.00 B
2021-01-25 16:18:14.865+0000 INFO [o.n.k.i.DiagnosticsManager] Memory Pool: G1 Survivor Space (Heap memory): committed=4.00 MB, used=4.00 MB, max=-1.00 B, threshold=?
2021-01-25 16:18:14.865+0000 INFO [o.n.k.i.DiagnosticsManager] Memory Pool: CodeHeap 'non-profiled nmethods' (Non-heap memory): committed=2.44 MB, used=657.75 kB, max=117.21 MB, threshold=0.00 B
2021-01-25 16:18:14.865+0000 INFO [o.n.k.i.DiagnosticsManager] Operating system information:
2021-01-25 16:18:14.866+0000 INFO [o.n.k.i.DiagnosticsManager] Operating System: Mac OS X; version: 10.15.7; arch: x86_64; cpus: 8
2021-01-25 16:18:14.866+0000 INFO [o.n.k.i.DiagnosticsManager] Max number of file descriptors: 10240
2021-01-25 16:18:14.867+0000 INFO [o.n.k.i.DiagnosticsManager] Number of open file descriptors: 104
2021-01-25 16:18:19.878+0000 INFO [o.n.k.i.DiagnosticsManager] Process id: 8518@MacBook-Pro-de-Diego.local
2021-01-25 16:18:19.878+0000 INFO [o.n.k.i.DiagnosticsManager] Byte order: LITTLE_ENDIAN
2021-01-25 16:18:19.897+0000 INFO [o.n.k.i.DiagnosticsManager] Local timezone: Europe/London
2021-01-25 16:18:19.898+0000 INFO [o.n.k.i.DiagnosticsManager] JVM information:
2021-01-25 16:18:19.898+0000 INFO [o.n.k.i.DiagnosticsManager] VM Name: Java HotSpot(TM) 64-Bit Server VM
2021-01-25 16:18:19.898+0000 INFO [o.n.k.i.DiagnosticsManager] VM Vendor: Oracle Corporation
2021-01-25 16:18:19.898+0000 INFO [o.n.k.i.DiagnosticsManager] VM Version: 15.0.2+7-27
2021-01-25 16:18:19.898+0000 INFO [o.n.k.i.DiagnosticsManager] JIT compiler: HotSpot 64-Bit Tiered Compilers
2021-01-25 16:18:19.898+0000 INFO [o.n.k.i.DiagnosticsManager] VM Arguments: [-XX:+UseG1GC, -XX:-OmitStackTraceInFastThrow, -XX:+AlwaysPreTouch, -XX:+UnlockExperimentalVMOptions, -XX:+TrustFinalNonStaticFields, -XX:+DisableExplicitGC, -Djdk.tls.ephemeralDHKeySize=2048, -Djdk.tls.rejectClientInitiatedRenegotiation=true, -Dunsupported.dbms.udc.source=tarball, -Dfile.encoding=UTF-8]
2021-01-25 16:18:19.898+0000 INFO [o.n.k.i.DiagnosticsManager] Java classpath:
2021-01-25 16:18:19.909+0000 INFO [o.n.k.i.DiagnosticsManager]  [classpath] /Users/diegophilips/code/diegophilips/asset_portal/db/neo4j/development/lib/neo4j-cypher-expression-3.4-3.4.1.jar
2021-01-25 16:18:19.909+0000 INFO [o.n.k.i.DiagnosticsManager]  [classpath] /Users/diegophilips/code/diegophilips/asset_portal/db/neo4j/development/lib/neo4j-consistency-check-3.4.1.jar
2021-01-25 16:18:19.909+0000 INFO [o.n.k.i.DiagnosticsManager]  [classpath] /Users/diegophilips/code/diegophilips/asset_portal/db/neo4j/development/lib/neo4j-unsafe-3.4.1.jar
2021-01-25 16:18:19.909+0000 INFO [o.n.k.i.DiagnosticsManager]  [classpath] /Users/diegophilips/code/diegophilips/asset_portal/db/neo4j/development/plugins
2021-01-25 16:18:19.909+0000 INFO [o.n.k.i.DiagnosticsManager]  [classpath] /Users/diegophilips/code/diegophilips/asset_portal/db/neo4j/development/lib/neo4j-values-3.4.1.jar
2021-01-25 16:18:19.909+0000 INFO [o.n.k.i.DiagnosticsManager]  [classpath] /Users/diegophilips/code/diegophilips/asset_portal/db/neo4j/development/lib/neo4j-jmx-3.4.1.jar
2021-01-25 16:18:19.909+0000 INFO [o.n.k.i.DiagnosticsManager]  [classpath] /Users/diegophilips/code/diegophilips/asset_portal/db/neo4j/development/lib/neo4j-cypher-compiler-2.3-2.3.12.jar
2021-01-25 16:18:19.909+0000 INFO [o.n.k.i.DiagnosticsManager]  [classpath] /Users/diegophilips/code/diegophilips/asset_portal/db/neo4j/development/lib/neo4j-graph-algo-3.4.1.jar
2021-01-25 16:18:19.909+0000 INFO [o.n.k.i.DiagnosticsManager]  [classpath] /Users/diegophilips/code/diegophilips/asset_portal/db/neo4j/development/lib/jetty-util-9.4.8.v20171121.jar
2021-01-25 16:18:19.909+0000 INFO [o.n.k.i.DiagnosticsManager]  [classpath] /Users/diegophilips/code/diegophilips/asset_portal/db/neo4j/development/lib/neo4j-bolt-3.4.1.jar
2021-01-25 16:18:19.909+0000 INFO [o.n.k.i.DiagnosticsManager]  [classpath] /Users/diegophilips/code/diegophilips/asset_portal/db/neo4j/development/lib/neo4j-cypher-planner-3.4-3.4.1.jar
2021-01-25 16:18:19.909+0000 INFO [o.n.k.i.DiagnosticsManager]  [classpath] /Users/diegophilips/code/diegophilips/asset_portal/db/neo4j/development/lib/neo4j-cypher-logical-plans-3.3-3.3.5.jar
2021-01-25 16:18:19.909+0000 INFO [o.n.k.i.DiagnosticsManager]  [classpath] /Users/diegophilips/code/diegophilips/asset_portal/db/neo4j/development/lib/neo4j-cypher-planner-spi-3.4-3.4.1.jar
2021-01-25 16:18:19.909+0000 INFO [o.n.k.i.DiagnosticsManager]  [classpath] /Users/diegophilips/code/diegophilips/asset_portal/db/neo4j/development/lib/server-api-3.4.1.jar
2021-01-25 16:18:19.909+0000 INFO [o.n.k.i.DiagnosticsManager]  [classpath] /Users/diegophilips/code/diegophilips/asset_portal/db/neo4j/development/lib/neo4j-procedure-api-3.4.1.jar
2021-01-25 16:18:19.910+0000 INFO [o.n.k.i.DiagnosticsManager]  [classpath] /Users/diegophilips/code/diegophilips/asset_portal/db/neo4j/development/lib/jetty-servlet-9.4.8.v20171121.jar
2021-01-25 16:18:19.910+0000 INFO [o.n.k.i.DiagnosticsManager]  [classpath] /Users/diegophilips/code/diegophilips/asset_portal/db/neo4j/development/lib/parboiled-core-1.1.7.jar
2021-01-25 16:18:19.910+0000 INFO [o.n.k.i.DiagnosticsManager]  [classpath] /Users/diegophilips/code/diegophilips/asset_portal/db/neo4j/development/lib/neo4j-cypher-ir-3.4-3.4.1.jar
2021-01-25 16:18:19.910+0000 INFO [o.n.k.i.DiagnosticsManager]  [classpath] /Users/diegophilips/code/diegophilips/asset_portal/db/neo4j/development/lib/jersey-servlet-1.19.3.jar
2021-01-25 16:18:19.910+0000 INFO [o.n.k.i.DiagnosticsManager]  [classpath] /Users/diegophilips/code/diegophilips/asset_portal/db/neo4j/development/lib/lucene-codecs-5.5.5.jar
2021-01-25 16:18:19.910+0000 INFO [o.n.k.i.DiagnosticsManager]  [classpath] /Users/diegophilips/code/diegophilips/asset_portal/db/neo4j/development/lib/neo4j-kernel-api-3.4.1.jar
2021-01-25 16:18:19.910+0000 INFO [o.n.k.i.DiagnosticsManager]  [classpath] /Users/diegophilips/code/diegophilips/asset_portal/db/neo4j/development/lib/neo4j-codegen-3.4.1.jar
2021-01-25 16:18:19.910+0000 INFO [o.n.k.i.DiagnosticsManager]  [classpath] /Users/diegophilips/code/diegophilips/asset_portal/db/neo4j/development/lib/jetty-io-9.4.8.v20171121.jar
2021-01-25 16:18:19.910+0000 INFO [o.n.k.i.DiagnosticsManager]  [classpath] /Users/diegophilips/code/diegophilips/asset_portal/db/neo4j/development/lib/commons-lang-2.6.jar
2021-01-25 16:18:19.910+0000 INFO [o.n.k.i.DiagnosticsManager]  [classpath] /Users/diegophilips/code/diegophilips/asset_portal/db/neo4j/development/lib/neo4j-dbms-3.4.1.jar
2021-01-25 16:18:19.910+0000 INFO [o.n.k.i.DiagnosticsManager]  [classpath] /Users/diegophilips/code/diegophilips/asset_portal/db/neo4j/development/lib/neo4j-cypher-ir-3.3-3.3.5.jar
2021-01-25 16:18:19.910+0000 INFO [o.n.k.i.DiagnosticsManager]  [classpath] /Users/diegophilips/code/diegophilips/asset_portal/db/neo4j/development/plugins/*
2021-01-25 16:18:19.910+0000 INFO [o.n.k.i.DiagnosticsManager]  [classpath] /Users/diegophilips/code/diegophilips/asset_portal/db/neo4j/development/lib/jProcesses-1.6.4.jar
2021-01-25 16:18:19.910+0000 INFO [o.n.k.i.DiagnosticsManager]  [classpath] /Users/diegophilips/code/diegophilips/asset_portal/db/neo4j/development/lib/neo4j-cypher-util-3.4-3.4.1.jar
2021-01-25 16:18:19.910+0000 INFO [o.n.k.i.DiagnosticsManager]  [classpath] /Users/diegophilips/code/diegophilips/asset_portal/db/neo4j/development/lib/neo4j-resource-3.4.1.jar
2021-01-25 16:18:19.910+0000 INFO [o.n.k.i.DiagnosticsManager]  [classpath] /Users/diegophilips/code/diegophilips/asset_portal/db/neo4j/development/lib/jackson-mapper-asl-1.9.13.jar
2021-01-25 16:18:19.910+0000 INFO [o.n.k.i.DiagnosticsManager]  [classpath] /Users/diegophilips/code/diegophilips/asset_portal/db/neo4j/development/lib/neo4j-cypher-runtime-util-3.4.1.jar
2021-01-25 16:18:19.910+0000 INFO [o.n.k.i.DiagnosticsManager]  [classpath] /Users/diegophilips/code/diegophilips/asset_portal/db/neo4j/development/lib/commons-text-1.3.jar
2021-01-25 16:18:19.911+0000 INFO [o.n.k.i.DiagnosticsManager]  [classpath] /Users/diegophilips/code/diegophilips/asset_portal/db/neo4j/development/lib/neo4j-server-3.4.1.jar
2021-01-25 16:18:19.911+0000 INFO [o.n.k.i.DiagnosticsManager]  [classpath] /Users/diegophilips/code/diegophilips/asset_portal/db/neo4j/development/lib/neo4j-collections-3.4.1.jar
2021-01-25 16:18:19.911+0000 INFO [o.n.k.i.DiagnosticsManager]  [classpath] /Users/diegophilips/code/diegophilips/asset_portal/db/neo4j/development/lib/commons-lang3-3.7.jar
2021-01-25 16:18:19.911+0000 INFO [o.n.k.i.DiagnosticsManager]  [classpath] /Users/diegophilips/code/diegophilips/asset_portal/db/neo4j/development/lib/neo4j-cypher-3.4.1.jar
2021-01-25 16:18:19.911+0000 INFO [o.n.k.i.DiagnosticsManager]  [classpath] /Users/diegophilips/code/diegophilips/asset_portal/db/neo4j/development/lib/neo4j-cypher-frontend-3.3-3.3.5.jar
2021-01-25 16:18:19.911+0000 INFO [o.n.k.i.DiagnosticsManager]  [classpath] /Users/diegophilips/code/diegophilips/asset_portal/db/neo4j/development/lib/neo4j-lucene-index-3.4.1.jar
2021-01-25 16:18:19.911+0000 INFO [o.n.k.i.DiagnosticsManager]  [classpath] /Users/diegophilips/code/diegophilips/asset_portal/db/neo4j/development/lib/concurrentlinkedhashmap-lru-1.4.2.jar
2021-01-25 16:18:19.911+0000 INFO [o.n.k.i.DiagnosticsManager]  [classpath] /Users/diegophilips/code/diegophilips/asset_portal/db/neo4j/development/lib/parboiled-scala_2.11-1.1.7.jar
2021-01-25 16:18:19.911+0000 INFO [o.n.k.i.DiagnosticsManager]  [classpath] /Users/diegophilips/code/diegophilips/asset_portal/db/neo4j/development/lib/lucene-core-5.5.5.jar
2021-01-25 16:18:19.911+0000 INFO [o.n.k.i.DiagnosticsManager]  [classpath] /Users/diegophilips/code/diegophilips/asset_portal/db/neo4j/development/lib/neo4j-primitive-collections-3.4.1.jar
2021-01-25 16:18:19.911+0000 INFO [o.n.k.i.DiagnosticsManager]  [classpath] /Users/diegophilips/code/diegophilips/asset_portal/db/neo4j/development/lib/neo4j-cypher-compiler-3.3-3.3.5.jar
2021-01-25 16:18:19.911+0000 INFO [o.n.k.i.DiagnosticsManager]  [classpath] /Users/diegophilips/code/diegophilips/asset_portal/db/neo4j/development/lib/neo4j-io-3.4.1.jar
2021-01-25 16:18:19.911+0000 INFO [o.n.k.i.DiagnosticsManager]  [classpath] /Users/diegophilips/code/diegophilips/asset_portal/db/neo4j/development/lib/neo4j-graphdb-api-3.4.1.jar
2021-01-25 16:18:19.911+0000 INFO [o.n.k.i.DiagnosticsManager]  [classpath] /Users/diegophilips/code/diegophilips/asset_portal/db/neo4j/development/lib/neo4j-cypher-compiler-3.1-3.1.8.jar
2021-01-25 16:18:19.911+0000 INFO [o.n.k.i.DiagnosticsManager]  [classpath] /Users/diegophilips/code/diegophilips/asset_portal/db/neo4j/development/lib/neo4j-lucene-upgrade-3.4.1.jar
2021-01-25 16:18:19.911+0000 INFO [o.n.k.i.DiagnosticsManager]  [classpath] /Users/diegophilips/code/diegophilips/asset_portal/db/neo4j/development/lib/scala-reflect-2.11.12.jar
2021-01-25 16:18:19.911+0000 INFO [o.n.k.i.DiagnosticsManager]  [classpath] /Users/diegophilips/code/diegophilips/asset_portal/db/neo4j/development/lib/rhino-1.7.9.jar
2021-01-25 16:18:19.911+0000 INFO [o.n.k.i.DiagnosticsManager]  [classpath] /Users/diegophilips/code/diegophilips/asset_portal/db/neo4j/development/lib/neo4j-security-3.4.1.jar
2021-01-25 16:18:19.911+0000 INFO [o.n.k.i.DiagnosticsManager]  [classpath] /Users/diegophilips/code/diegophilips/asset_portal/db/neo4j/development/lib/jetty-security-9.4.8.v20171121.jar
2021-01-25 16:18:19.911+0000 INFO [o.n.k.i.DiagnosticsManager]  [classpath] /Users/diegophilips/code/diegophilips/asset_portal/db/neo4j/development/lib/neo4j-ssl-3.4.1.jar
2021-01-25 16:18:19.911+0000 INFO [o.n.k.i.DiagnosticsManager]  [classpath] /Users/diegophilips/code/diegophilips/asset_portal/db/neo4j/development/lib/neo4j-cypher-frontend-3.1-3.1.8.jar
2021-01-25 16:18:19.911+0000 INFO [o.n.k.i.DiagnosticsManager]  [classpath] /Users/diegophilips/code/diegophilips/asset_portal/db/neo4j/development/lib/jetty-http-9.4.8.v20171121.jar
2021-01-25 16:18:19.912+0000 INFO [o.n.k.i.DiagnosticsManager]  [classpath] /Users/diegophilips/code/diegophilips/asset_portal/db/neo4j/development/lib/jetty-xml-9.4.8.v20171121.jar
2021-01-25 16:18:19.912+0000 INFO [o.n.k.i.DiagnosticsManager]  [classpath] /Users/diegophilips/code/diegophilips/asset_portal/db/neo4j/development/lib/lucene-queryparser-5.5.5.jar
2021-01-25 16:18:19.912+0000 INFO [o.n.k.i.DiagnosticsManager]  [classpath] /Users/diegophilips/code/diegophilips/asset_portal/db/neo4j/development/lib/openCypher-frontend-1-3.4.1.jar
2021-01-25 16:18:19.912+0000 INFO [o.n.k.i.DiagnosticsManager]  [classpath] /Users/diegophilips/code/diegophilips/asset_portal/db/neo4j/development/lib/scala-library-2.11.12.jar
2021-01-25 16:18:19.912+0000 INFO [o.n.k.i.DiagnosticsManager]  [classpath] /Users/diegophilips/code/diegophilips/asset_portal/db/neo4j/development/lib/javax.servlet-api-3.1.0.jar
2021-01-25 16:18:19.912+0000 INFO [o.n.k.i.DiagnosticsManager]  [classpath] /Users/diegophilips/code/diegophilips/asset_portal/db/neo4j/development/lib/neo4j-spatial-index-3.4.1.jar
2021-01-25 16:18:19.912+0000 INFO [o.n.k.i.DiagnosticsManager]  [classpath] /Users/diegophilips/code/diegophilips/asset_portal/db/neo4j/development/lib/jline-2.12.jar
2021-01-25 16:18:19.912+0000 INFO [o.n.k.i.DiagnosticsManager]  [classpath] /Users/diegophilips/code/diegophilips/asset_portal/db/neo4j/development/lib/WMI4Java-1.6.1.jar
2021-01-25 16:18:19.912+0000 INFO [o.n.k.i.DiagnosticsManager]  [classpath] /Users/diegophilips/code/diegophilips/asset_portal/db/neo4j/development/lib/neo4j-cypher-logical-plans-3.4-3.4.1.jar
2021-01-25 16:18:19.912+0000 INFO [o.n.k.i.DiagnosticsManager]  [classpath] /Users/diegophilips/code/diegophilips/asset_portal/db/neo4j/development/lib/neo4j-cypher-frontend-2.3-2.3.12.jar
2021-01-25 16:18:19.912+0000 INFO [o.n.k.i.DiagnosticsManager]  [classpath] /Users/diegophilips/code/diegophilips/asset_portal/db/neo4j/development/lib/jersey-core-1.19.3.jar
2021-01-25 16:18:19.912+0000 INFO [o.n.k.i.DiagnosticsManager]  [classpath] /Users/diegophilips/code/diegophilips/asset_portal/db/neo4j/development/lib/jetty-server-9.4.8.v20171121.jar
2021-01-25 16:18:19.912+0000 INFO [o.n.k.i.DiagnosticsManager]  [classpath] /Users/diegophilips/code/diegophilips/asset_portal/db/neo4j/development/lib/lucene-analyzers-common-5.5.5.jar
2021-01-25 16:18:19.912+0000 INFO [o.n.k.i.DiagnosticsManager]  [classpath] /Users/diegophilips/code/diegophilips/asset_portal/db/neo4j/development/lib/opencsv-2.3.jar
2021-01-25 16:18:19.912+0000 INFO [o.n.k.i.DiagnosticsManager]  [classpath] /Users/diegophilips/code/diegophilips/asset_portal/db/neo4j/development/lib/neo4j-configuration-3.4.1.jar
2021-01-25 16:18:19.912+0000 INFO [o.n.k.i.DiagnosticsManager]  [classpath] /Users/diegophilips/code/diegophilips/asset_portal/db/neo4j/development/lib/neo4j-shell-3.4.1.jar
2021-01-25 16:18:19.912+0000 INFO [o.n.k.i.DiagnosticsManager]  [classpath] /Users/diegophilips/code/diegophilips/asset_portal/db/neo4j/development/lib/jackson-jaxrs-1.9.13.jar
2021-01-25 16:18:19.912+0000 INFO [o.n.k.i.DiagnosticsManager]  [classpath] /Users/diegophilips/code/diegophilips/asset_portal/db/neo4j/development/lib/bcprov-jdk15on-1.59.jar
2021-01-25 16:18:19.912+0000 INFO [o.n.k.i.DiagnosticsManager]  [classpath] /Users/diegophilips/code/diegophilips/asset_portal/db/neo4j/development/lib/commons-configuration-1.10.jar
2021-01-25 16:18:19.912+0000 INFO [o.n.k.i.DiagnosticsManager]  [classpath] /Users/diegophilips/code/diegophilips/asset_portal/db/neo4j/development/lib/neo4j-csv-3.4.1.jar
2021-01-25 16:18:19.912+0000 INFO [o.n.k.i.DiagnosticsManager]  [classpath] /Users/diegophilips/code/diegophilips/asset_portal/db/neo4j/development/lib/commons-logging-1.1.1.jar
2021-01-25 16:18:19.912+0000 INFO [o.n.k.i.DiagnosticsManager]  [classpath] /Users/diegophilips/code/diegophilips/asset_portal/db/neo4j/development/lib/neo4j-udc-3.4.1.jar
2021-01-25 16:18:19.912+0000 INFO [o.n.k.i.DiagnosticsManager]  [classpath] /Users/diegophilips/code/diegophilips/asset_portal/db/neo4j/development/lib/neo4j-cypher-interpreted-runtime-3.4.1.jar
2021-01-25 16:18:19.912+0000 INFO [o.n.k.i.DiagnosticsManager]  [classpath] /Users/diegophilips/code/diegophilips/asset_portal/db/neo4j/development/lib/jersey-server-1.19.3.jar
2021-01-25 16:18:19.913+0000 INFO [o.n.k.i.DiagnosticsManager]  [classpath] /Users/diegophilips/code/diegophilips/asset_portal/db/neo4j/development/lib/commons-io-2.6.jar
2021-01-25 16:18:19.913+0000 INFO [o.n.k.i.DiagnosticsManager]  [classpath] /Users/diegophilips/code/diegophilips/asset_portal/db/neo4j/development/lib/neo4j-import-tool-3.4.1.jar
2021-01-25 16:18:19.913+0000 INFO [o.n.k.i.DiagnosticsManager]  [classpath] /Users/diegophilips/code/diegophilips/asset_portal/db/neo4j/development/lib/objenesis-2.6.jar
2021-01-25 16:18:19.913+0000 INFO [o.n.k.i.DiagnosticsManager]  [classpath] /Users/diegophilips/code/diegophilips/asset_portal/db/neo4j/development/lib/neo4j-kernel-3.4.1.jar
2021-01-25 16:18:19.913+0000 INFO [o.n.k.i.DiagnosticsManager]  [classpath] /Users/diegophilips/code/diegophilips/asset_portal/db/neo4j/development/lib/caffeine-2.6.2.jar
2021-01-25 16:18:19.913+0000 INFO [o.n.k.i.DiagnosticsManager]  [classpath] /Users/diegophilips/code/diegophilips/asset_portal/db/neo4j/development/lib/neo4j-index-3.4.1.jar
2021-01-25 16:18:19.913+0000 INFO [o.n.k.i.DiagnosticsManager]  [classpath] /Users/diegophilips/code/diegophilips/asset_portal/db/neo4j/development/lib/bcpkix-jdk15on-1.59.jar
2021-01-25 16:18:19.913+0000 INFO [o.n.k.i.DiagnosticsManager]  [classpath] /Users/diegophilips/code/diegophilips/asset_portal/db/neo4j/development/lib/neo4j-logging-3.4.1.jar
2021-01-25 16:18:19.913+0000 INFO [o.n.k.i.DiagnosticsManager]  [classpath] /Users/diegophilips/code/diegophilips/asset_portal/db/neo4j/development/lib/netty-all-4.1.24.Final.jar
2021-01-25 16:18:19.913+0000 INFO [o.n.k.i.DiagnosticsManager]  [classpath] /Users/diegophilips/code/diegophilips/asset_portal/db/neo4j/development/lib/commons-compress-1.16.1.jar
2021-01-25 16:18:19.913+0000 INFO [o.n.k.i.DiagnosticsManager]  [classpath] /Users/diegophilips/code/diegophilips/asset_portal/db/neo4j/development/lib/neo4j-command-line-3.4.1.jar
2021-01-25 16:18:19.913+0000 INFO [o.n.k.i.DiagnosticsManager]  [classpath] /Users/diegophilips/code/diegophilips/asset_portal/db/neo4j/development/conf
2021-01-25 16:18:19.913+0000 INFO [o.n.k.i.DiagnosticsManager]  [classpath] /Users/diegophilips/code/diegophilips/asset_portal/db/neo4j/development/lib/jPowerShell-1.9.jar
2021-01-25 16:18:19.913+0000 INFO [o.n.k.i.DiagnosticsManager]  [classpath] /Users/diegophilips/code/diegophilips/asset_portal/db/neo4j/development/lib/neo4j-graph-matching-3.1.6.jar
2021-01-25 16:18:19.913+0000 INFO [o.n.k.i.DiagnosticsManager]  [classpath] /Users/diegophilips/code/diegophilips/asset_portal/db/neo4j/development/lib/neo4j-browser-3.1.14.jar
2021-01-25 16:18:19.913+0000 INFO [o.n.k.i.DiagnosticsManager]  [classpath] /Users/diegophilips/code/diegophilips/asset_portal/db/neo4j/development/lib/neo4j-common-3.4.1.jar
2021-01-25 16:18:19.913+0000 INFO [o.n.k.i.DiagnosticsManager]  [classpath] /Users/diegophilips/code/diegophilips/asset_portal/db/neo4j/development/lib/jackson-core-asl-1.9.13.jar
2021-01-25 16:18:19.913+0000 INFO [o.n.k.i.DiagnosticsManager]  [classpath] /Users/diegophilips/code/diegophilips/asset_portal/db/neo4j/development/lib/jetty-webapp-9.4.8.v20171121.jar
2021-01-25 16:18:19.913+0000 INFO [o.n.k.i.DiagnosticsManager]  [classpath] /Users/diegophilips/code/diegophilips/asset_portal/db/neo4j/development/lib/jsr311-api-1.1.2.r612.jar
2021-01-25 16:18:19.913+0000 INFO [o.n.k.i.DiagnosticsManager] Library path:
2021-01-25 16:18:19.913+0000 INFO [o.n.k.i.DiagnosticsManager] /Users/diegophilips/Library/Java/Extensions
2021-01-25 16:18:19.914+0000 INFO [o.n.k.i.DiagnosticsManager] /Library/Java/Extensions
2021-01-25 16:18:19.914+0000 INFO [o.n.k.i.DiagnosticsManager] /Network/Library/Java/Extensions
2021-01-25 16:18:19.914+0000 INFO [o.n.k.i.DiagnosticsManager] /System/Library/Java/Extensions
2021-01-25 16:18:19.914+0000 INFO [o.n.k.i.DiagnosticsManager] /usr/lib/java
2021-01-25 16:18:19.914+0000 INFO [o.n.k.i.DiagnosticsManager] /Users/diegophilips/code/diegophilips/asset_portal
2021-01-25 16:18:19.914+0000 INFO [o.n.k.i.DiagnosticsManager] System.properties:
2021-01-25 16:18:19.914+0000 INFO [o.n.k.i.DiagnosticsManager] jdk.tls.rejectClientInitiatedRenegotiation = true
2021-01-25 16:18:19.914+0000 INFO [o.n.k.i.DiagnosticsManager] sun.jnu.encoding = UTF-8
2021-01-25 16:18:19.914+0000 INFO [o.n.k.i.DiagnosticsManager] sun.arch.data.model = 64
2021-01-25 16:18:19.914+0000 INFO [o.n.k.i.DiagnosticsManager] user.timezone = Europe/London
2021-01-25 16:18:19.914+0000 INFO [o.n.k.i.DiagnosticsManager] sun.java.launcher = SUN_STANDARD
2021-01-25 16:18:19.914+0000 INFO [o.n.k.i.DiagnosticsManager] user.country = GB
2021-01-25 16:18:19.914+0000 INFO [o.n.k.i.DiagnosticsManager] sun.boot.library.path = /Library/Java/JavaVirtualMachines/jdk-15.0.2.jdk/Contents/Home/lib
2021-01-25 16:18:19.914+0000 INFO [o.n.k.i.DiagnosticsManager] sun.java.command = org.neo4j.server.CommunityEntryPoint --home-dir=/Users/diegophilips/code/diegophilips/asset_portal/db/neo4j/development --config-dir=/Users/diegophilips/code/diegophilips/asset_portal/db/neo4j/development/conf
2021-01-25 16:18:19.914+0000 INFO [o.n.k.i.DiagnosticsManager] http.nonProxyHosts = local|*.local|169.254/16|*.169.254/16
2021-01-25 16:18:19.914+0000 INFO [o.n.k.i.DiagnosticsManager] jdk.debug = release
2021-01-25 16:18:19.914+0000 INFO [o.n.k.i.DiagnosticsManager] sun.cpu.endian = little
2021-01-25 16:18:19.914+0000 INFO [o.n.k.i.DiagnosticsManager] user.home = /Users/diegophilips
2021-01-25 16:18:19.914+0000 INFO [o.n.k.i.DiagnosticsManager] user.language = fr
2021-01-25 16:18:19.914+0000 INFO [o.n.k.i.DiagnosticsManager] file.separator = /
2021-01-25 16:18:19.915+0000 INFO [o.n.k.i.DiagnosticsManager] unsupported.dbms.udc.source = tarball
2021-01-25 16:18:19.915+0000 INFO [o.n.k.i.DiagnosticsManager] jdk.tls.ephemeralDHKeySize = 2048
2021-01-25 16:18:19.915+0000 INFO [o.n.k.i.DiagnosticsManager] sun.management.compiler = HotSpot 64-Bit Tiered Compilers
2021-01-25 16:18:19.915+0000 INFO [o.n.k.i.DiagnosticsManager] ftp.nonProxyHosts = local|*.local|169.254/16|*.169.254/16
2021-01-25 16:18:19.915+0000 INFO [o.n.k.i.DiagnosticsManager] user.name = diegophilips
2021-01-25 16:18:19.915+0000 INFO [o.n.k.i.DiagnosticsManager] path.separator = :
2021-01-25 16:18:19.915+0000 INFO [o.n.k.i.DiagnosticsManager] file.encoding = UTF-8
2021-01-25 16:18:19.915+0000 INFO [o.n.k.i.DiagnosticsManager] user.dir = /Users/diegophilips/code/diegophilips/asset_portal
2021-01-25 16:18:19.915+0000 INFO [o.n.k.i.DiagnosticsManager] sun.io.unicode.encoding = UnicodeBig
2021-01-25 16:18:19.915+0000 INFO [o.n.k.i.DiagnosticsManager] socksNonProxyHosts = local|*.local|169.254/16|*.169.254/16
2021-01-25 16:18:19.915+0000 INFO [o.n.k.i.DiagnosticsManager] (IANA) TimeZone Database Version:
2021-01-25 16:18:19.939+0000 INFO [o.n.k.i.DiagnosticsManager]   TimeZone version: 2020d (available for 600 zone identifiers)
2021-01-25 16:18:19.939+0000 INFO [o.n.k.i.DiagnosticsManager] Network information:
2021-01-25 16:18:19.944+0000 INFO [o.n.k.i.DiagnosticsManager] Interface utun1:
2021-01-25 16:18:19.944+0000 INFO [o.n.k.i.DiagnosticsManager]     address: fe80:0:0:0:c8ce:9dfe:82e7:877f%utun1
2021-01-25 16:18:19.944+0000 INFO [o.n.k.i.DiagnosticsManager] Interface utun0:
2021-01-25 16:18:19.944+0000 INFO [o.n.k.i.DiagnosticsManager]     address: fe80:0:0:0:3cf7:17dc:fec:a7a1%utun0
2021-01-25 16:18:19.944+0000 INFO [o.n.k.i.DiagnosticsManager] Interface llw0:
2021-01-25 16:18:19.944+0000 INFO [o.n.k.i.DiagnosticsManager]     address: fe80:0:0:0:30ba:85ff:fe9b:d05f%llw0
2021-01-25 16:18:19.944+0000 INFO [o.n.k.i.DiagnosticsManager] Interface awdl0:
2021-01-25 16:18:19.944+0000 INFO [o.n.k.i.DiagnosticsManager]     address: fe80:0:0:0:30ba:85ff:fe9b:d05f%awdl0
2021-01-25 16:18:19.944+0000 INFO [o.n.k.i.DiagnosticsManager] Interface en5:
2021-01-25 16:18:19.944+0000 INFO [o.n.k.i.DiagnosticsManager]     address: fe80:0:0:0:aede:48ff:fe00:1122%en5
2021-01-25 16:18:19.944+0000 INFO [o.n.k.i.DiagnosticsManager] Interface en0:
2021-01-25 16:18:19.944+0000 INFO [o.n.k.i.DiagnosticsManager]     address: fe80:0:0:0:43a:b0d5:5336:83f4%en0
2021-01-25 16:18:19.944+0000 INFO [o.n.k.i.DiagnosticsManager]     address: 192.168.43.196
2021-01-25 16:18:19.944+0000 INFO [o.n.k.i.DiagnosticsManager] Interface lo0:
2021-01-25 16:18:19.944+0000 INFO [o.n.k.i.DiagnosticsManager]     address: fe80:0:0:0:0:0:0:1%lo0
2021-01-25 16:18:19.944+0000 INFO [o.n.k.i.DiagnosticsManager]     address: 0:0:0:0:0:0:0:1%lo0
2021-01-25 16:18:19.944+0000 INFO [o.n.k.i.DiagnosticsManager]     address: 127.0.0.1
2021-01-25 16:18:19.944+0000 INFO [o.n.k.i.DiagnosticsManager] --- INITIALIZED diagnostics END ---
2021-01-25 16:18:20.676+0000 INFO [o.n.b.BoltKernelExtension] Bolt Server extension loaded.
2021-01-25 16:18:20.827+0000 INFO [o.n.k.i.s.f.RecordFormatSelector] Selected format 'RecordFormat:StandardV3_4[v0.A.9]' for the new store
2021-01-25 16:18:22.264+0000 INFO [o.n.k.i.i.l.NativeLabelScanStore] No scan store found, this might just be first use. Preparing to rebuild.
2021-01-25 16:18:22.365+0000 INFO [o.n.k.NeoStoreDataSource] Rotated to transaction log [/Users/diegophilips/code/diegophilips/asset_portal/db/neo4j/development/data/databases/graph.db/neostore.transaction.db.0] version=0, last transaction in previous log=1
2021-01-25 16:18:22.366+0000 INFO [o.n.k.NeoStoreDataSource] No commits found after last check point (which is at <no log position given>)
2021-01-25 16:18:22.375+0000 WARN [o.n.k.i.s.MetaDataStore] Missing counts store, rebuilding it.
2021-01-25 16:18:22.466+0000 WARN [o.n.k.i.s.MetaDataStore] Counts store rebuild completed.
2021-01-25 16:18:22.482+0000 INFO [o.n.k.i.i.l.NativeLabelScanStore] Rebuilding scan store, this may take a while
2021-01-25 16:18:22.561+0000 INFO [o.n.k.i.i.l.NativeLabelScanStore] Scan store rebuilt (roughly 0 nodes)
2021-01-25 16:18:22.582+0000 INFO [o.n.k.i.DatabaseHealth] Database health set to OK
2021-01-25 16:18:22.890+0000 INFO [o.n.b.BoltKernelExtension] Bolt enabled on localhost:7472.
2021-01-25 16:18:22.897+0000 INFO [o.n.k.AvailabilityGuard] Fulfilling of requirement makes database available: Database available
2021-01-25 16:18:22.897+0000 INFO [o.n.k.i.f.GraphDatabaseFacadeFactory] Database is now ready
2021-01-25 16:18:22.898+0000 INFO [o.n.k.i.DiagnosticsManager] --- STARTED diagnostics for KernelDiagnostics:Versions START ---
2021-01-25 16:18:22.898+0000 INFO [o.n.k.i.DiagnosticsManager] Graph Database: community single StoreId{creationTime=1611591502080, randomId=-8904365258523588346, storeVersion=16094931155187206, upgradeTime=1611591502080, upgradeId=1}
2021-01-25 16:18:22.898+0000 INFO [o.n.k.i.DiagnosticsManager] Kernel version: 3.4.1,bf2fd1991decc5b49b63105e793230f19ccf6f15
2021-01-25 16:18:22.899+0000 INFO [o.n.k.i.DiagnosticsManager] --- STARTED diagnostics for KernelDiagnostics:Versions END ---
2021-01-25 16:18:22.900+0000 INFO [o.n.k.i.DiagnosticsManager] --- STARTED diagnostics for NEO_STORE_VERSIONS START ---
2021-01-25 16:18:22.900+0000 INFO [o.n.k.i.DiagnosticsManager] Store versions:
2021-01-25 16:18:22.900+0000 INFO [o.n.k.i.DiagnosticsManager] Store versions:
2021-01-25 16:18:22.901+0000 INFO [o.n.k.i.DiagnosticsManager]   ArrayPropertyStore v0.A.9
2021-01-25 16:18:22.901+0000 INFO [o.n.k.i.DiagnosticsManager]   NodeStore v0.A.9
2021-01-25 16:18:22.901+0000 INFO [o.n.k.i.DiagnosticsManager]   StringPropertyStore v0.A.9
2021-01-25 16:18:22.901+0000 INFO [o.n.k.i.DiagnosticsManager]   PropertyIndexStore v0.A.9
2021-01-25 16:18:22.901+0000 INFO [o.n.k.i.DiagnosticsManager]   StringPropertyStore v0.A.9
2021-01-25 16:18:22.901+0000 INFO [o.n.k.i.DiagnosticsManager]   ArrayPropertyStore v0.A.9
2021-01-25 16:18:22.901+0000 INFO [o.n.k.i.DiagnosticsManager]   PropertyStore v0.A.9
2021-01-25 16:18:22.902+0000 INFO [o.n.k.i.DiagnosticsManager]   RelationshipStore v0.A.9
2021-01-25 16:18:22.902+0000 INFO [o.n.k.i.DiagnosticsManager]   StringPropertyStore v0.A.9
2021-01-25 16:18:22.902+0000 INFO [o.n.k.i.DiagnosticsManager]   RelationshipTypeStore v0.A.9
2021-01-25 16:18:22.902+0000 INFO [o.n.k.i.DiagnosticsManager]   StringPropertyStore v0.A.9
2021-01-25 16:18:22.902+0000 INFO [o.n.k.i.DiagnosticsManager]   LabelTokenStore v0.A.9
2021-01-25 16:18:22.902+0000 INFO [o.n.k.i.DiagnosticsManager]   SchemaStore v0.A.9
2021-01-25 16:18:22.902+0000 INFO [o.n.k.i.DiagnosticsManager]   RelationshipGroupStore v0.A.9
2021-01-25 16:18:22.902+0000 INFO [o.n.k.i.DiagnosticsManager]   NeoStore v0.A.9
2021-01-25 16:18:22.902+0000 INFO [o.n.k.i.DiagnosticsManager] --- STARTED diagnostics for NEO_STORE_VERSIONS END ---
2021-01-25 16:18:22.902+0000 INFO [o.n.k.i.DiagnosticsManager] --- STARTED diagnostics for NEO_STORE_ID_USAGE START ---
2021-01-25 16:18:22.903+0000 INFO [o.n.k.i.DiagnosticsManager] Id usage:
2021-01-25 16:18:22.903+0000 INFO [o.n.k.i.DiagnosticsManager] Id usage:
2021-01-25 16:18:22.903+0000 INFO [o.n.k.i.DiagnosticsManager]   ArrayPropertyStore: used=1 high=0
2021-01-25 16:18:22.903+0000 INFO [o.n.k.i.DiagnosticsManager]   NodeStore: used=0 high=-1
2021-01-25 16:18:22.903+0000 INFO [o.n.k.i.DiagnosticsManager]   StringPropertyStore: used=1 high=0
2021-01-25 16:18:22.903+0000 INFO [o.n.k.i.DiagnosticsManager]   PropertyIndexStore: used=0 high=-1
2021-01-25 16:18:22.903+0000 INFO [o.n.k.i.DiagnosticsManager]   StringPropertyStore: used=1 high=0
2021-01-25 16:18:22.903+0000 INFO [o.n.k.i.DiagnosticsManager]   ArrayPropertyStore: used=1 high=0
2021-01-25 16:18:22.903+0000 INFO [o.n.k.i.DiagnosticsManager]   PropertyStore: used=0 high=-1
2021-01-25 16:18:22.904+0000 INFO [o.n.k.i.DiagnosticsManager]   RelationshipStore: used=0 high=-1
2021-01-25 16:18:22.904+0000 INFO [o.n.k.i.DiagnosticsManager]   StringPropertyStore: used=1 high=0
2021-01-25 16:18:22.904+0000 INFO [o.n.k.i.DiagnosticsManager]   RelationshipTypeStore: used=0 high=-1
2021-01-25 16:18:22.904+0000 INFO [o.n.k.i.DiagnosticsManager]   StringPropertyStore: used=1 high=0
2021-01-25 16:18:22.904+0000 INFO [o.n.k.i.DiagnosticsManager]   LabelTokenStore: used=0 high=-1
2021-01-25 16:18:22.904+0000 INFO [o.n.k.i.DiagnosticsManager]   SchemaStore: used=1 high=0
2021-01-25 16:18:22.904+0000 INFO [o.n.k.i.DiagnosticsManager]   RelationshipGroupStore: used=1 high=0
2021-01-25 16:18:22.905+0000 INFO [o.n.k.i.DiagnosticsManager]   NeoStore: used=15 high=14
2021-01-25 16:18:22.905+0000 INFO [o.n.k.i.DiagnosticsManager] --- STARTED diagnostics for NEO_STORE_ID_USAGE END ---
2021-01-25 16:18:22.905+0000 INFO [o.n.k.i.DiagnosticsManager] --- STARTED diagnostics for NEO_STORE_RECORDS START ---
2021-01-25 16:18:22.905+0000 INFO [o.n.k.i.DiagnosticsManager] Neostore records:
2021-01-25 16:18:22.905+0000 INFO [o.n.k.i.DiagnosticsManager] TIME (Creation time): 1611591502080
2021-01-25 16:18:22.905+0000 INFO [o.n.k.i.DiagnosticsManager] RANDOM_NUMBER (Random number for store id): -8904365258523588346
2021-01-25 16:18:22.905+0000 INFO [o.n.k.i.DiagnosticsManager] LOG_VERSION (Current log version): 0
2021-01-25 16:18:22.905+0000 INFO [o.n.k.i.DiagnosticsManager] LAST_TRANSACTION_ID (Last committed transaction): 1
2021-01-25 16:18:22.905+0000 INFO [o.n.k.i.DiagnosticsManager] STORE_VERSION (Store format version): 16094931155187206
2021-01-25 16:18:22.906+0000 INFO [o.n.k.i.DiagnosticsManager] FIRST_GRAPH_PROPERTY (First property record containing graph properties): -1
2021-01-25 16:18:22.906+0000 INFO [o.n.k.i.DiagnosticsManager] LAST_CONSTRAINT_TRANSACTION (Last committed transaction containing constraint changes): 0
2021-01-25 16:18:22.906+0000 INFO [o.n.k.i.DiagnosticsManager] UPGRADE_TRANSACTION_ID (Transaction id most recent upgrade was performed at): 1
2021-01-25 16:18:22.906+0000 INFO [o.n.k.i.DiagnosticsManager] UPGRADE_TIME (Time of last upgrade): 1611591502080
2021-01-25 16:18:22.906+0000 INFO [o.n.k.i.DiagnosticsManager] LAST_TRANSACTION_CHECKSUM (Checksum of last committed transaction): 0
2021-01-25 16:18:22.906+0000 INFO [o.n.k.i.DiagnosticsManager] UPGRADE_TRANSACTION_CHECKSUM (Checksum of transaction id the most recent upgrade was performed at): 0
2021-01-25 16:18:22.906+0000 INFO [o.n.k.i.DiagnosticsManager] LAST_CLOSED_TRANSACTION_LOG_VERSION (Log version where the last transaction commit entry has been written into): 0
2021-01-25 16:18:22.906+0000 INFO [o.n.k.i.DiagnosticsManager] LAST_CLOSED_TRANSACTION_LOG_BYTE_OFFSET (Byte offset in the log file where the last transaction commit entry has been written into): 16
2021-01-25 16:18:22.906+0000 INFO [o.n.k.i.DiagnosticsManager] LAST_TRANSACTION_COMMIT_TIMESTAMP (Commit time timestamp for last committed transaction): 0
2021-01-25 16:18:22.906+0000 INFO [o.n.k.i.DiagnosticsManager] UPGRADE_TRANSACTION_COMMIT_TIMESTAMP (Commit timestamp of transaction the most recent upgrade was performed at): 0
2021-01-25 16:18:22.906+0000 INFO [o.n.k.i.DiagnosticsManager] --- STARTED diagnostics for NEO_STORE_RECORDS END ---
2021-01-25 16:18:22.907+0000 INFO [o.n.k.i.DiagnosticsManager] --- STARTED diagnostics for TRANSACTION_RANGE START ---
2021-01-25 16:18:22.907+0000 INFO [o.n.k.i.DiagnosticsManager] Transaction log:
2021-01-25 16:18:22.908+0000 INFO [o.n.k.i.DiagnosticsManager] No transactions found in any log
2021-01-25 16:18:22.908+0000 INFO [o.n.k.i.DiagnosticsManager] --- STARTED diagnostics for TRANSACTION_RANGE END ---
2021-01-25 16:18:22.909+0000 INFO [o.n.k.i.DiagnosticsManager] --- STARTED diagnostics for KernelDiagnostics:StoreFiles START ---
2021-01-25 16:18:22.909+0000 INFO [o.n.k.i.DiagnosticsManager] Disk space on partition (Total / Free / Free %): 499963174912 / 346876731392 / 69
2021-01-25 16:18:22.909+0000 INFO [o.n.k.i.DiagnosticsManager] Storage files: (filename : modification date - size)
2021-01-25 16:18:22.910+0000 INFO [o.n.k.i.DiagnosticsManager]   index:
2021-01-25 16:18:22.910+0000 INFO [o.n.k.i.DiagnosticsManager]   - Total: 2021-01-25T16:18:22+0000 - 0.00 B
2021-01-25 16:18:22.911+0000 INFO [o.n.k.i.DiagnosticsManager]   neostore: 2021-01-25T16:18:22+0000 - 8.00 kB
2021-01-25 16:18:22.911+0000 INFO [o.n.k.i.DiagnosticsManager]   neostore.counts.db.a: 2021-01-25T16:18:22+0000 - 96.00 B
2021-01-25 16:18:22.911+0000 INFO [o.n.k.i.DiagnosticsManager]   neostore.id: 2021-01-25T16:18:22+0000 - 9.00 B
2021-01-25 16:18:22.911+0000 INFO [o.n.k.i.DiagnosticsManager]   neostore.labelscanstore.db: 2021-01-25T16:18:22+0000 - 40.00 kB
2021-01-25 16:18:22.911+0000 INFO [o.n.k.i.DiagnosticsManager]   neostore.labeltokenstore.db: 2021-01-25T16:18:21+0000 - 0.00 B
2021-01-25 16:18:22.912+0000 INFO [o.n.k.i.DiagnosticsManager]   neostore.labeltokenstore.db.id: 2021-01-25T16:18:21+0000 - 9.00 B
2021-01-25 16:18:22.912+0000 INFO [o.n.k.i.DiagnosticsManager]   neostore.labeltokenstore.db.names: 2021-01-25T16:18:21+0000 - 8.00 kB
2021-01-25 16:18:22.912+0000 INFO [o.n.k.i.DiagnosticsManager]   neostore.labeltokenstore.db.names.id: 2021-01-25T16:18:21+0000 - 9.00 B
2021-01-25 16:18:22.912+0000 INFO [o.n.k.i.DiagnosticsManager]   neostore.nodestore.db: 2021-01-25T16:18:21+0000 - 0.00 B
2021-01-25 16:18:22.912+0000 INFO [o.n.k.i.DiagnosticsManager]   neostore.nodestore.db.id: 2021-01-25T16:18:21+0000 - 9.00 B
2021-01-25 16:18:22.913+0000 INFO [o.n.k.i.DiagnosticsManager]   neostore.nodestore.db.labels: 2021-01-25T16:18:20+0000 - 8.00 kB
2021-01-25 16:18:22.913+0000 INFO [o.n.k.i.DiagnosticsManager]   neostore.nodestore.db.labels.id: 2021-01-25T16:18:20+0000 - 9.00 B
2021-01-25 16:18:22.913+0000 INFO [o.n.k.i.DiagnosticsManager]   neostore.propertystore.db: 2021-01-25T16:18:21+0000 - 0.00 B
2021-01-25 16:18:22.913+0000 INFO [o.n.k.i.DiagnosticsManager]   neostore.propertystore.db.arrays: 2021-01-25T16:18:21+0000 - 8.00 kB
2021-01-25 16:18:22.913+0000 INFO [o.n.k.i.DiagnosticsManager]   neostore.propertystore.db.arrays.id: 2021-01-25T16:18:21+0000 - 9.00 B
2021-01-25 16:18:22.913+0000 INFO [o.n.k.i.DiagnosticsManager]   neostore.propertystore.db.id: 2021-01-25T16:18:21+0000 - 9.00 B
2021-01-25 16:18:22.914+0000 INFO [o.n.k.i.DiagnosticsManager]   neostore.propertystore.db.index: 2021-01-25T16:18:21+0000 - 0.00 B
2021-01-25 16:18:22.914+0000 INFO [o.n.k.i.DiagnosticsManager]   neostore.propertystore.db.index.id: 2021-01-25T16:18:21+0000 - 9.00 B
2021-01-25 16:18:22.914+0000 INFO [o.n.k.i.DiagnosticsManager]   neostore.propertystore.db.index.keys: 2021-01-25T16:18:21+0000 - 8.00 kB
2021-01-25 16:18:22.914+0000 INFO [o.n.k.i.DiagnosticsManager]   neostore.propertystore.db.index.keys.id: 2021-01-25T16:18:21+0000 - 9.00 B
2021-01-25 16:18:22.914+0000 INFO [o.n.k.i.DiagnosticsManager]   neostore.propertystore.db.strings: 2021-01-25T16:18:21+0000 - 8.00 kB
2021-01-25 16:18:22.915+0000 INFO [o.n.k.i.DiagnosticsManager]   neostore.propertystore.db.strings.id: 2021-01-25T16:18:21+0000 - 9.00 B
2021-01-25 16:18:22.915+0000 INFO [o.n.k.i.DiagnosticsManager]   neostore.relationshipgroupstore.db: 2021-01-25T16:18:21+0000 - 8.00 kB
2021-01-25 16:18:22.915+0000 INFO [o.n.k.i.DiagnosticsManager]   neostore.relationshipgroupstore.db.id: 2021-01-25T16:18:21+0000 - 9.00 B
2021-01-25 16:18:22.915+0000 INFO [o.n.k.i.DiagnosticsManager]   neostore.relationshipstore.db: 2021-01-25T16:18:21+0000 - 0.00 B
2021-01-25 16:18:22.916+0000 INFO [o.n.k.i.DiagnosticsManager]   neostore.relationshipstore.db.id: 2021-01-25T16:18:21+0000 - 9.00 B
2021-01-25 16:18:22.916+0000 INFO [o.n.k.i.DiagnosticsManager]   neostore.relationshiptypestore.db: 2021-01-25T16:18:21+0000 - 0.00 B
2021-01-25 16:18:22.916+0000 INFO [o.n.k.i.DiagnosticsManager]   neostore.relationshiptypestore.db.id: 2021-01-25T16:18:21+0000 - 9.00 B
2021-01-25 16:18:22.916+0000 INFO [o.n.k.i.DiagnosticsManager]   neostore.relationshiptypestore.db.names: 2021-01-25T16:18:21+0000 - 8.00 kB
2021-01-25 16:18:22.916+0000 INFO [o.n.k.i.DiagnosticsManager]   neostore.relationshiptypestore.db.names.id: 2021-01-25T16:18:21+0000 - 9.00 B
2021-01-25 16:18:22.916+0000 INFO [o.n.k.i.DiagnosticsManager]   neostore.schemastore.db: 2021-01-25T16:18:21+0000 - 8.00 kB
2021-01-25 16:18:22.917+0000 INFO [o.n.k.i.DiagnosticsManager]   neostore.schemastore.db.id: 2021-01-25T16:18:21+0000 - 9.00 B
2021-01-25 16:18:22.917+0000 INFO [o.n.k.i.DiagnosticsManager]   neostore.transaction.db.0: 2021-01-25T16:18:22+0000 - 16.00 B
2021-01-25 16:18:22.917+0000 INFO [o.n.k.i.DiagnosticsManager]   store_lock: 2021-01-25T16:18:20+0000 - 0.00 B
2021-01-25 16:18:22.917+0000 INFO [o.n.k.i.DiagnosticsManager] Storage summary: 
2021-01-25 16:18:22.917+0000 INFO [o.n.k.i.DiagnosticsManager]   Total size of store: 112.24 kB
2021-01-25 16:18:22.918+0000 INFO [o.n.k.i.DiagnosticsManager]   Total size of mapped files: 112.00 kB
2021-01-25 16:18:22.918+0000 INFO [o.n.k.i.DiagnosticsManager] --- STARTED diagnostics for KernelDiagnostics:StoreFiles END ---
2021-01-25 16:18:24.054+0000 INFO [o.n.k.i.DiagnosticsManager] --- SERVER STARTED START ---
2021-01-25 16:18:24.650+0000 INFO [o.n.k.i.f.GraphDatabaseFacadeFactory] Shutdown started
2021-01-25 16:18:24.650+0000 INFO [o.n.k.i.f.GraphDatabaseFacadeFactory] Database is now unavailable
2021-01-25 16:18:24.663+0000 INFO [o.n.k.i.t.l.c.CheckPointerImpl] Checkpoint triggered by database shutdown @ txId: 1 checkpoint started...
2021-01-25 16:18:24.739+0000 INFO [o.n.k.i.t.l.c.CheckPointerImpl] Checkpoint triggered by database shutdown @ txId: 1 checkpoint completed in 74ms
2021-01-25 16:18:24.741+0000 INFO [o.n.k.i.t.l.p.LogPruningImpl] No log version pruned, last checkpoint was made in version 0
2021-01-25 16:18:25.211+0000 INFO [o.n.k.i.DiagnosticsManager] --- STOPPING diagnostics START ---
2021-01-25 16:18:25.212+0000 INFO [o.n.k.i.DiagnosticsManager] --- STOPPING diagnostics END ---
